\BOOKMARK [0][-]{section*.1}{\376\377\000A\000b\000s\000t\000r\000a\000c\000t\000e}{}% 1
\BOOKMARK [0][-]{chapter.5}{\376\377\000I\000n\000t\000r\000o\000d\000u\000c\000c\000i\000\363}{}% 2
\BOOKMARK [0][-]{chapter.6}{\376\377\000C\000o\000n\000t\000e\000x\000t\000u\000a\000l\000i\000t\000z\000a\000c\000i\000\363}{}% 3
\BOOKMARK [1][-]{section.7}{\376\377\000P\000r\000e\000s\000e\000n\000t\000a\000c\000i\000\363\000\040\000i\000\040\000j\000u\000s\000t\000i\000f\000i\000c\000a\000c\000i\000\363\000\040\000d\000e\000\040\000l\000a\000\040\000t\000e\000m\000\340\000t\000i\000c\000a}{chapter.6}% 4
\BOOKMARK [1][-]{section.8}{\376\377\000I\000d\000e\000n\000t\000i\000f\000i\000c\000a\000c\000i\000\363\000\040\000d\000e\000l\000s\000\040\000s\000t\000a\000k\000e\000h\000o\000l\000d\000e\000r\000s}{chapter.6}% 5
\BOOKMARK [1][-]{section.9}{\376\377\000E\000s\000t\000a\000t\000\040\000d\000e\000\040\000l\000'\000a\000r\000t}{chapter.6}% 6
\BOOKMARK [1][-]{section.11}{\376\377\000P\000r\000o\000j\000e\000c\000t\000e\000\040\000S\000U\000P\000E\000R\000S\000E\000D\000E}{chapter.6}% 7
\BOOKMARK [0][-]{chapter.17}{\376\377\000O\000b\000j\000e\000c\000t\000i\000u\000s}{}% 8
\BOOKMARK [1][-]{section.18}{\376\377\000O\000b\000j\000e\000c\000t\000i\000u\000\040\000g\000e\000n\000e\000r\000a\000l}{chapter.17}% 9
\BOOKMARK [1][-]{section.22}{\376\377\000O\000b\000j\000e\000c\000t\000i\000u\000s\000\040\000e\000s\000p\000e\000c\000\355\000f\000i\000c\000s}{chapter.17}% 10
\BOOKMARK [1][-]{section.23}{\376\377\000A\000b\000a\000s\000t\000\040\000d\000e\000l\000\040\000p\000r\000o\000j\000e\000c\000t\000e}{chapter.17}% 11
\BOOKMARK [0][-]{chapter.24}{\376\377\000G\000e\000s\000t\000i\000\363\000\040\000i\000\040\000d\000e\000s\000e\000n\000v\000o\000l\000u\000p\000a\000m\000e\000n\000t}{}% 12
\BOOKMARK [1][-]{section.25}{\376\377\000M\000e\000t\000o\000d\000o\000l\000o\000g\000i\000a\000\040\000d\000e\000\040\000d\000e\000s\000e\000n\000v\000o\000l\000u\000p\000a\000m\000e\000n\000t}{chapter.24}% 13
\BOOKMARK [1][-]{section.33}{\376\377\000R\000e\000c\000u\000r\000s\000o\000s}{chapter.24}% 14
\BOOKMARK [1][-]{section.34}{\376\377\000P\000l\000a\000n\000i\000f\000i\000c\000a\000c\000i\000\363\000\040\000t\000e\000m\000p\000o\000r\000a\000l}{chapter.24}% 15
\BOOKMARK [2][-]{subsection.35}{\376\377\000D\000e\000s\000c\000r\000i\000p\000c\000i\000\363\000\040\000d\000e\000\040\000f\000a\000s\000e\000s}{section.34}% 16
\BOOKMARK [2][-]{subsection.36}{\376\377\000P\000r\000e\000v\000i\000s\000i\000\363\000\040\000d\000'\000a\000l\000t\000e\000r\000n\000a\000t\000i\000v\000e\000s\000\040\000i\000\040\000p\000l\000a\000\040\000d\000'\000a\000c\000c\000i\000\363}{section.34}% 17
\BOOKMARK [1][-]{section.37}{\376\377\000V\000i\000a\000b\000i\000l\000i\000t\000a\000t}{chapter.24}% 18
\BOOKMARK [2][-]{subsection.38}{\376\377\000E\000s\000t\000i\000m\000a\000c\000i\000\363\000\040\000p\000r\000e\000s\000s\000u\000p\000o\000s\000t\000\340\000r\000i\000a}{section.37}% 19
\BOOKMARK [2][-]{subsection.44}{\376\377\000C\000o\000n\000t\000r\000o\000l\000\040\000d\000e\000\040\000g\000e\000s\000t\000i\000\363}{section.37}% 20
\BOOKMARK [2][-]{subsection.45}{\376\377\000S\000o\000s\000t\000e\000n\000i\000b\000i\000l\000i\000t\000a\000t\000\040\000e\000c\000o\000n\000\362\000m\000i\000c\000a\000,\000\040\000s\000o\000c\000i\000a\000l\000\040\000i\000\040\000a\000m\000b\000i\000e\000n\000t\000a\000l}{section.37}% 21
\BOOKMARK [0][-]{chapter.47}{\376\377\000V\000i\000s\000i\000\363\000\040\000g\000e\000n\000e\000r\000a\000l\000\040\000d\000e\000l\000\040\000s\000i\000s\000t\000e\000m\000a}{}% 22
\BOOKMARK [1][-]{section.48}{\376\377\000D\000i\000s\000s\000e\000n\000y\000\040\000d\000e\000l\000\040\000s\000i\000s\000t\000e\000m\000a}{chapter.47}% 23
\BOOKMARK [1][-]{section.50}{\376\377\000I\000n\000t\000e\000g\000r\000a\000c\000i\000\363\000\040\000d\000e\000\040\000c\000o\000m\000p\000o\000n\000e\000n\000t\000s}{chapter.47}% 24
\BOOKMARK [0][-]{chapter.51}{\376\377\000E\000n\000t\000o\000r\000n\000\040\000d\000e\000\040\000d\000e\000s\000e\000n\000v\000o\000l\000u\000p\000a\000m\000e\000n\000t}{}% 25
\BOOKMARK [1][-]{section.52}{\376\377\000T\000e\000c\000n\000o\000l\000o\000g\000i\000e\000s\000\040\000u\000t\000i\000l\000i\000t\000z\000a\000d\000e\000s}{chapter.51}% 26
\BOOKMARK [1][-]{section.53}{\376\377\000I\000m\000p\000l\000e\000m\000e\000n\000t\000a\000c\000i\000\363\000\040\000i\000\040\000a\000r\000t\000e\000f\000a\000c\000t\000e\000s\000\040\000g\000e\000n\000e\000r\000a\000t\000s}{chapter.51}% 27
\BOOKMARK [0][-]{chapter.54}{\376\377\000S\000i\000s\000t\000e\000m\000a\000\040\000d\000e\000\040\000m\000o\000n\000i\000t\000o\000r\000a\000t\000g\000e}{}% 28
\BOOKMARK [1][-]{section.55}{\376\377\000M\000o\000n\000i\000t\000o\000r\000s}{chapter.54}% 29
\BOOKMARK [2][-]{subsection.59}{\376\377\000E\000s\000p\000e\000c\000i\000f\000i\000c\000a\000c\000i\000o\000n\000s\000\040\000t\000\350\000c\000n\000i\000q\000u\000e\000s\000\040\000i\000\040\000f\000u\000n\000c\000i\000o\000n\000a\000l\000s}{section.55}% 30
\BOOKMARK [2][-]{subsection.67}{\376\377\000D\000i\000s\000s\000e\000n\000y\000\040\000i\000\040\000a\000r\000q\000u\000i\000t\000e\000c\000t\000u\000r\000a\000\040\000g\000e\000n\000\350\000r\000i\000c\000a}{section.55}% 31
\BOOKMARK [2][-]{subsection.69}{\376\377\000I\000m\000p\000l\000e\000m\000e\000n\000t\000a\000c\000i\000\363\000\040\000d\000e\000\040\000m\000o\000n\000i\000t\000o\000r\000s}{section.55}% 32
\BOOKMARK [3][-]{section*.70}{\376\377\000T\000w\000i\000t\000t\000e\000r\000\040\000M\000o\000n\000i\000t\000o\000r}{subsection.69}% 33
\BOOKMARK [3][-]{section*.76}{\376\377\000G\000o\000o\000g\000l\000e\000\040\000P\000l\000a\000y\000\040\000M\000o\000n\000i\000t\000o\000r}{subsection.69}% 34
\BOOKMARK [3][-]{section*.82}{\376\377\000A\000p\000p\000\040\000S\000t\000o\000r\000e\000\040\000M\000o\000n\000i\000t\000o\000r}{subsection.69}% 35
\BOOKMARK [1][-]{section.86}{\376\377\000M\000o\000n\000i\000t\000o\000r\000\040\000M\000a\000n\000a\000g\000e\000r}{chapter.54}% 36
\BOOKMARK [2][-]{subsection.90}{\376\377\000E\000s\000p\000e\000c\000i\000f\000i\000c\000a\000c\000i\000o\000n\000s\000\040\000t\000\350\000c\000n\000i\000q\000u\000e\000s\000\040\000i\000\040\000f\000u\000n\000c\000i\000o\000n\000a\000l\000s}{section.86}% 37
\BOOKMARK [2][-]{subsection.95}{\376\377\000D\000i\000s\000s\000e\000n\000y\000\040\000i\000\040\000i\000m\000p\000l\000e\000m\000e\000n\000t\000a\000c\000i\000\363}{section.86}% 38
\BOOKMARK [1][-]{section.97}{\376\377\000O\000r\000c\000h\000e\000s\000t\000r\000a\000t\000o\000r}{chapter.54}% 39
\BOOKMARK [2][-]{subsection.98}{\376\377\000E\000s\000p\000e\000c\000i\000f\000i\000c\000a\000c\000i\000o\000n\000s\000\040\000t\000\350\000c\000n\000i\000q\000u\000e\000s\000\040\000i\000\040\000f\000u\000n\000c\000i\000o\000n\000a\000l\000s}{section.97}% 40
\BOOKMARK [2][-]{subsection.104}{\376\377\000D\000i\000s\000s\000e\000n\000y\000\040\000i\000\040\000i\000m\000p\000l\000e\000m\000e\000n\000t\000a\000c\000i\000\363}{section.97}% 41
\BOOKMARK [0][-]{chapter.106}{\376\377\000M\000o\000d\000e\000l\000a\000t\000g\000e\000\040\000U\000M\000L\000\040\000d\000e\000\040\000c\000o\000n\000f\000i\000g\000u\000r\000a\000c\000i\000o\000n\000s\000\040\000d\000e\000l\000s\000\040\000m\000o\000n\000i\000t\000o\000r\000s}{}% 42
\BOOKMARK [1][-]{section.107}{\376\377\000R\000e\000q\000u\000i\000s\000i\000t\000s\000\040\000d\000e\000l\000\040\000m\000o\000d\000e\000l\000a\000t\000g\000e}{chapter.106}% 43
\BOOKMARK [1][-]{section.113}{\376\377\000D\000i\000s\000s\000e\000n\000y\000\040\000d\000e\000\040\000m\000o\000d\000e\000l\000s\000\040\000U\000M\000L}{chapter.106}% 44
\BOOKMARK [2][-]{subsection.114}{\376\377\000B\000a\000s\000e\000\040\000M\000o\000d\000e\000l}{section.113}% 45
\BOOKMARK [2][-]{subsection.116}{\376\377\000F\000e\000a\000t\000u\000r\000e\000s}{section.113}% 46
\BOOKMARK [3][-]{section*.117}{\376\377\000F\000e\000a\000t\000u\000r\000e\000\040\000M\000o\000d\000e\000l}{subsection.116}% 47
\BOOKMARK [3][-]{section*.119}{\376\377\000F\000e\000a\000t\000u\000r\000e\000\040\000C\000o\000n\000f\000i\000g\000u\000r\000a\000t\000i\000o\000n}{subsection.116}% 48
\BOOKMARK [2][-]{subsection.121}{\376\377\000A\000d\000v\000i\000c\000e\000\040\000M\000o\000d\000e\000l}{section.113}% 49
\BOOKMARK [2][-]{subsection.122}{\376\377\000P\000a\000t\000t\000e\000r\000n\000\040\000M\000o\000d\000e\000l}{section.113}% 50
\BOOKMARK [2][-]{subsection.124}{\376\377\000P\000r\000o\000f\000i\000l\000e\000\040\000M\000o\000d\000e\000l}{section.113}% 51
\BOOKMARK [2][-]{subsection.126}{\376\377\000A\000s\000p\000e\000c\000t\000\040\000M\000o\000d\000e\000l}{section.113}% 52
\BOOKMARK [0][-]{chapter.128}{\376\377\000S\000i\000s\000t\000e\000m\000a\000\040\000d\000'\000a\000d\000a\000p\000t\000a\000b\000i\000l\000i\000t\000a\000t}{}% 53
\BOOKMARK [1][-]{section.129}{\376\377\000M\000o\000d\000e\000l\000\040\000R\000e\000p\000o\000s\000i\000t\000o\000r\000y}{chapter.128}% 54
\BOOKMARK [2][-]{subsection.130}{\376\377\000E\000s\000p\000e\000c\000i\000f\000i\000c\000a\000c\000i\000o\000n\000s\000\040\000t\000\350\000c\000n\000i\000q\000u\000e\000s\000\040\000i\000\040\000f\000u\000n\000c\000i\000o\000n\000a\000l\000s}{section.129}% 55
\BOOKMARK [2][-]{subsection.135}{\376\377\000M\000o\000d\000e\000l\000\040\000R\000e\000p\000o\000s\000i\000t\000o\000r\000y\000\040\000M\000a\000n\000a\000g\000e\000r}{section.129}% 56
\BOOKMARK [3][-]{section*.138}{\376\377\000D\000i\000s\000s\000e\000n\000y\000\040\000d\000e\000\040\000l\000a\000\040\000b\000a\000s\000e\000\040\000d\000e\000\040\000d\000a\000d\000e\000s}{subsection.135}% 57
\BOOKMARK [3][-]{section*.140}{\376\377\000D\000i\000s\000s\000e\000n\000y\000\040\000i\000\040\000i\000m\000p\000l\000e\000m\000e\000n\000t\000a\000c\000i\000\363}{subsection.135}% 58
\BOOKMARK [2][-]{subsection.148}{\376\377\000M\000o\000d\000e\000l\000\040\000R\000e\000p\000o\000s\000i\000t\000o\000r\000y\000\040\000C\000l\000i\000e\000n\000t}{section.129}% 59
\BOOKMARK [3][-]{section*.149}{\376\377\000D\000i\000s\000s\000e\000n\000y\000\040\000i\000\040\000i\000m\000p\000l\000e\000m\000e\000n\000t\000a\000c\000i\000\363}{subsection.148}% 60
\BOOKMARK [1][-]{section.151}{\376\377\000M\000o\000d\000e\000l\000\040\000A\000d\000a\000p\000t\000e\000r}{chapter.128}% 61
\BOOKMARK [2][-]{subsection.152}{\376\377\000E\000s\000p\000e\000c\000i\000f\000i\000c\000a\000c\000i\000o\000n\000s\000\040\000t\000\350\000c\000n\000i\000q\000u\000e\000s\000\040\000i\000\040\000f\000u\000n\000c\000i\000o\000n\000a\000l\000s}{section.151}% 62
\BOOKMARK [2][-]{subsection.157}{\376\377\000D\000i\000s\000s\000e\000n\000y\000\040\000i\000\040\000i\000m\000p\000l\000e\000m\000e\000n\000t\000a\000c\000i\000\363}{section.151}% 63
\BOOKMARK [1][-]{section.161}{\376\377\000C\000o\000m\000p\000o\000n\000e\000n\000t\000s\000\040\000a\000u\000x\000i\000l\000i\000a\000r\000s}{chapter.128}% 64
\BOOKMARK [2][-]{subsection.162}{\376\377\000M\000o\000d\000e\000l\000\040\000Q\000u\000e\000r\000y}{section.161}% 65
\BOOKMARK [2][-]{subsection.164}{\376\377\000E\000n\000a\000c\000t\000o\000r}{section.161}% 66
\BOOKMARK [1][-]{section.166}{\376\377\000A\000d\000a\000p\000t\000e\000r}{chapter.128}% 67
\BOOKMARK [2][-]{subsection.167}{\376\377\000E\000s\000p\000e\000c\000i\000f\000i\000c\000a\000c\000i\000o\000n\000s\000\040\000t\000\350\000c\000n\000i\000q\000u\000e\000s\000\040\000i\000\040\000f\000u\000n\000c\000i\000o\000n\000a\000l\000s}{section.166}% 68
\BOOKMARK [2][-]{subsection.185}{\376\377\000D\000i\000s\000s\000e\000n\000y\000\040\000i\000\040\000i\000m\000p\000l\000e\000m\000e\000n\000t\000a\000c\000i\000\363}{section.166}% 69
\BOOKMARK [0][-]{chapter.188}{\376\377\000D\000a\000s\000h\000b\000o\000a\000r\000d}{}% 70
\BOOKMARK [1][-]{section.189}{\376\377\000A\000n\000\340\000l\000i\000s\000i\000\040\000d\000e\000\040\000r\000e\000q\000u\000i\000s\000i\000t\000s}{chapter.188}% 71
\BOOKMARK [1][-]{section.190}{\376\377\000D\000i\000s\000s\000e\000n\000y\000\040\000d\000e\000\040\000l\000a\000\040\000i\000n\000t\000e\000r\000f\000\355\000c\000i\000e}{chapter.188}% 72
\BOOKMARK [1][-]{section.193}{\376\377\000I\000m\000p\000l\000e\000m\000e\000n\000t\000a\000c\000i\000\363}{chapter.188}% 73
\BOOKMARK [0][-]{chapter.196}{\376\377\000V\000a\000l\000i\000d\000a\000c\000i\000\363\000\040\000d\000e\000l\000\040\000s\000i\000s\000t\000e\000m\000a}{}% 74
\BOOKMARK [1][-]{section.197}{\376\377\000P\000r\000e\000s\000e\000n\000t\000a\000c\000i\000\363\000\040\000d\000e\000\040\000c\000a\000s\000\040\000d\000'\000\372\000s}{chapter.196}% 75
\BOOKMARK [1][-]{section.202}{\376\377\000E\000x\000e\000c\000u\000c\000i\000\363\000\040\000d\000e\000\040\000l\000a\000\040\000r\000e\000c\000o\000n\000f\000i\000g\000u\000r\000a\000c\000i\000\363}{chapter.196}% 76
\BOOKMARK [0][-]{chapter.209}{\376\377\000C\000o\000n\000c\000l\000u\000s\000i\000o\000n\000s}{}% 77
\BOOKMARK [1][-]{section.210}{\376\377\000J\000u\000s\000t\000i\000f\000i\000c\000a\000c\000i\000\363\000\040\000d\000e\000\040\000l\000'\000a\000s\000s\000o\000l\000i\000m\000e\000n\000t\000\040\000d\000e\000\040\000c\000o\000m\000p\000e\000t\000\350\000n\000c\000i\000e\000s}{chapter.209}% 78
\BOOKMARK [1][-]{section.211}{\376\377\000A\000v\000a\000l\000u\000a\000c\000i\000\363\000\040\000d\000e\000l\000\040\000p\000o\000t\000e\000n\000c\000i\000a\000l\000\040\000d\000e\000l\000\040\000p\000r\000o\000d\000u\000c\000t\000e\000\040\000g\000e\000n\000e\000r\000a\000t}{chapter.209}% 79
\BOOKMARK [1][-]{section.212}{\376\377\000A\000v\000a\000l\000u\000a\000c\000i\000\363\000\040\000g\000e\000n\000e\000r\000a\000l}{chapter.209}% 80
\BOOKMARK [0][-]{appendix.213}{\376\377\000T\000w\000i\000t\000t\000e\000r\000\040\000M\000o\000n\000i\000t\000o\000r\000\040\000A\000P\000I}{}% 81
\BOOKMARK [1][-]{section.214}{\376\377\000T\000w\000i\000t\000t\000e\000r\000M\000o\000n\000i\000t\000o\000r}{appendix.213}% 82
\BOOKMARK [2][-]{subsection.215}{\376\377\000M\000o\000n\000i\000t\000o\000r\000\040\000[\000/\000c\000o\000n\000f\000i\000g\000u\000r\000a\000t\000i\000o\000n\000]}{section.214}% 83
\BOOKMARK [3][-]{section*.216}{\376\377\000C\000r\000e\000a\000t\000e\000\040\000a\000\040\000n\000e\000w\000\040\000c\000o\000n\000f\000i\000g\000u\000r\000a\000t\000i\000o\000n\000\040\000f\000o\000r\000\040\000t\000h\000i\000s\000\040\000m\000o\000n\000i\000t\000o\000r\000\040\000[\000P\000O\000S\000T\000]}{subsection.215}% 84
\BOOKMARK [2][-]{subsection.217}{\376\377\000C\000o\000n\000f\000i\000g\000u\000r\000a\000t\000i\000o\000n\000\040\000[\000/\000c\000o\000n\000f\000i\000g\000u\000r\000a\000t\000i\000o\000n\000/\000\173\000i\000d\000\175\000]}{section.214}% 85
\BOOKMARK [3][-]{section*.218}{\376\377\000U\000p\000d\000a\000t\000e\000s\000\040\000a\000n\000\040\000e\000x\000i\000s\000t\000i\000n\000g\000\040\000c\000o\000n\000f\000i\000g\000u\000r\000a\000t\000i\000o\000n\000\040\000[\000P\000U\000T\000]}{subsection.217}% 86
\BOOKMARK [3][-]{section*.219}{\376\377\000D\000e\000l\000e\000t\000e\000s\000\040\000a\000\040\000c\000o\000n\000f\000i\000g\000u\000r\000a\000t\000i\000o\000n\000\040\000i\000n\000s\000t\000a\000n\000c\000e\000\040\000[\000D\000E\000L\000E\000T\000E\000]}{subsection.217}% 87
\BOOKMARK [0][-]{appendix.220}{\376\377\000G\000o\000o\000g\000l\000e\000\040\000P\000l\000a\000y\000\040\000M\000o\000n\000i\000t\000o\000r\000\040\000A\000P\000I}{}% 88
\BOOKMARK [1][-]{section.221}{\376\377\000G\000o\000o\000g\000l\000e\000P\000l\000a\000y\000M\000o\000n\000i\000t\000o\000r}{appendix.220}% 89
\BOOKMARK [2][-]{subsection.222}{\376\377\000M\000o\000n\000i\000t\000o\000r\000\040\000[\000/\000c\000o\000n\000f\000i\000g\000u\000r\000a\000t\000i\000o\000n\000]}{section.221}% 90
\BOOKMARK [3][-]{section*.223}{\376\377\000C\000r\000e\000a\000t\000e\000\040\000a\000\040\000n\000e\000w\000\040\000c\000o\000n\000f\000i\000g\000u\000r\000a\000t\000i\000o\000n\000\040\000f\000o\000r\000\040\000t\000h\000i\000s\000\040\000m\000o\000n\000i\000t\000o\000r\000\040\000[\000P\000O\000S\000T\000]}{subsection.222}% 91
\BOOKMARK [2][-]{subsection.224}{\376\377\000C\000o\000n\000f\000i\000g\000u\000r\000a\000t\000i\000o\000n\000\040\000[\000/\000c\000o\000n\000f\000i\000g\000u\000r\000a\000t\000i\000o\000n\000/\000\173\000i\000d\000\175\000]}{section.221}% 92
\BOOKMARK [3][-]{section*.225}{\376\377\000U\000p\000d\000a\000t\000e\000s\000\040\000a\000n\000\040\000e\000x\000i\000s\000t\000i\000n\000g\000\040\000c\000o\000n\000f\000i\000g\000u\000r\000a\000t\000i\000o\000n\000\040\000[\000P\000U\000T\000]}{subsection.224}% 93
\BOOKMARK [3][-]{section*.226}{\376\377\000D\000e\000l\000e\000t\000e\000s\000\040\000a\000\040\000c\000o\000n\000f\000i\000g\000u\000r\000a\000t\000i\000o\000n\000\040\000i\000n\000s\000t\000a\000n\000c\000e\000\040\000[\000D\000E\000L\000E\000T\000E\000]}{subsection.224}% 94
\BOOKMARK [0][-]{appendix.227}{\376\377\000A\000p\000p\000\040\000S\000t\000o\000r\000e\000\040\000M\000o\000n\000i\000t\000o\000r\000\040\000A\000P\000I}{}% 95
\BOOKMARK [1][-]{section.228}{\376\377\000A\000p\000p\000S\000t\000o\000r\000e\000M\000o\000n\000i\000t\000o\000r}{appendix.227}% 96
\BOOKMARK [2][-]{subsection.229}{\376\377\000M\000o\000n\000i\000t\000o\000r\000\040\000[\000/\000c\000o\000n\000f\000i\000g\000u\000r\000a\000t\000i\000o\000n\000]}{section.228}% 97
\BOOKMARK [3][-]{section*.230}{\376\377\000C\000r\000e\000a\000t\000e\000\040\000a\000\040\000n\000e\000w\000\040\000c\000o\000n\000f\000i\000g\000u\000r\000a\000t\000i\000o\000n\000\040\000f\000o\000r\000\040\000t\000h\000i\000s\000\040\000m\000o\000n\000i\000t\000o\000r\000\040\000[\000P\000O\000S\000T\000]}{subsection.229}% 98
\BOOKMARK [2][-]{subsection.231}{\376\377\000C\000o\000n\000f\000i\000g\000u\000r\000a\000t\000i\000o\000n\000\040\000[\000/\000c\000o\000n\000f\000i\000g\000u\000r\000a\000t\000i\000o\000n\000/\000\173\000i\000d\000\175\000]}{section.228}% 99
\BOOKMARK [3][-]{section*.232}{\376\377\000U\000p\000d\000a\000t\000e\000s\000\040\000a\000n\000\040\000e\000x\000i\000s\000t\000i\000n\000g\000\040\000c\000o\000n\000f\000i\000g\000u\000r\000a\000t\000i\000o\000n\000\040\000[\000P\000U\000T\000]}{subsection.231}% 100
\BOOKMARK [3][-]{section*.233}{\376\377\000D\000e\000l\000e\000t\000e\000s\000\040\000a\000\040\000c\000o\000n\000f\000i\000g\000u\000r\000a\000t\000i\000o\000n\000\040\000i\000n\000s\000t\000a\000n\000c\000e\000\040\000[\000D\000E\000L\000E\000T\000E\000]}{subsection.231}% 101
\BOOKMARK [0][-]{appendix.234}{\376\377\000M\000o\000n\000i\000t\000o\000r\000\040\000M\000a\000n\000a\000g\000e\000r\000\040\000A\000P\000I}{}% 102
\BOOKMARK [1][-]{section.235}{\376\377\000M\000o\000n\000i\000t\000o\000r\000M\000a\000n\000a\000g\000e\000r}{appendix.234}% 103
\BOOKMARK [2][-]{subsection.236}{\376\377\000M\000o\000n\000i\000t\000o\000r\000\040\000[\000/\000\173\000m\000o\000n\000i\000t\000o\000r\000N\000a\000m\000e\000\175\000/\000c\000o\000n\000f\000i\000g\000u\000r\000a\000t\000i\000o\000n\000]}{section.235}% 104
\BOOKMARK [3][-]{section*.237}{\376\377\000C\000r\000e\000a\000t\000e\000\040\000a\000\040\000n\000e\000w\000\040\000m\000o\000n\000i\000t\000o\000r\000\040\000c\000o\000n\000f\000i\000g\000u\000r\000a\000t\000i\000o\000n\000\040\000[\000P\000O\000S\000T\000]}{subsection.236}% 105
\BOOKMARK [2][-]{subsection.238}{\376\377\000M\000o\000n\000i\000t\000o\000r\000\040\000C\000o\000n\000f\000i\000g\000u\000r\000a\000t\000i\000o\000n\000\040\000[\000/\000\173\000m\000o\000n\000i\000t\000o\000r\000N\000a\000m\000e\000\175\000/\000c\000o\000n\000f\000i\000g\000u\000r\000a\000t\000i\000o\000n\000/\000\173\000c\000o\000n\000f\000I\000d\000\175\000]}{section.235}% 106
\BOOKMARK [3][-]{section*.239}{\376\377\000U\000p\000d\000a\000t\000e\000s\000\040\000a\000n\000\040\000e\000x\000i\000s\000t\000i\000n\000g\000\040\000c\000o\000n\000f\000i\000g\000u\000r\000a\000t\000i\000o\000n\000\040\000[\000P\000U\000T\000]}{subsection.238}% 107
\BOOKMARK [3][-]{section*.240}{\376\377\000D\000e\000l\000e\000t\000e\000s\000\040\000a\000\040\000c\000o\000n\000f\000i\000g\000u\000r\000a\000t\000i\000o\000n\000\040\000i\000n\000s\000t\000a\000n\000c\000e\000\040\000[\000D\000E\000L\000E\000T\000E\000]}{subsection.238}% 108
\BOOKMARK [0][-]{appendix.241}{\376\377\000B\000a\000s\000e\000\040\000d\000e\000\040\000d\000a\000d\000e\000s\000\040\000d\000e\000\040\000l\000'\000O\000r\000c\000h\000e\000s\000t\000r\000a\000t\000o\000r}{}% 109
\BOOKMARK [0][-]{appendix.243}{\376\377\000O\000r\000c\000h\000e\000s\000t\000r\000a\000t\000o\000r\000\040\000A\000P\000I}{}% 110
\BOOKMARK [1][-]{section.244}{\376\377\000S\000u\000p\000e\000r\000s\000e\000d\000e\000\040\000O\000r\000c\000h\000e\000s\000t\000r\000a\000t\000o\000r\000\040\000A\000P\000I}{appendix.243}% 111
\BOOKMARK [2][-]{subsection.245}{\376\377\000M\000o\000n\000i\000t\000o\000r\000\040\000t\000y\000p\000e\000s\000\040\000[\000/\000m\000o\000n\000i\000t\000o\000r\000i\000n\000g\000/\000M\000o\000n\000i\000t\000o\000r\000T\000y\000p\000e\000s\000]}{section.244}% 112
\BOOKMARK [3][-]{section*.246}{\376\377\000L\000i\000s\000t\000\040\000a\000l\000l\000\040\000m\000o\000n\000i\000t\000o\000r\000\040\000t\000y\000p\000e\000s\000\040\000[\000G\000E\000T\000]}{subsection.245}% 113
\BOOKMARK [3][-]{section*.247}{\376\377\000I\000n\000s\000e\000r\000t\000\040\000a\000\040\000m\000o\000n\000i\000t\000o\000r\000\040\000t\000y\000p\000e\000\040\000[\000P\000O\000S\000T\000]}{subsection.245}% 114
\BOOKMARK [2][-]{subsection.248}{\376\377\000M\000o\000n\000i\000t\000o\000r\000\040\000t\000y\000p\000e\000s\000\040\000[\000/\000m\000o\000n\000i\000t\000o\000r\000i\000n\000g\000/\000M\000o\000n\000i\000t\000o\000r\000T\000y\000p\000e\000s\000/\000\173\000m\000o\000n\000i\000t\000o\000r\000-\000t\000y\000p\000e\000-\000n\000a\000m\000e\000\175\000]}{section.244}% 115
\BOOKMARK [3][-]{section*.249}{\376\377\000G\000e\000t\000\040\000a\000\040\000s\000i\000n\000g\000l\000e\000\040\000m\000o\000n\000i\000t\000o\000r\000\040\000t\000y\000p\000e\000\040\000[\000G\000E\000T\000]}{subsection.248}% 116
\BOOKMARK [3][-]{section*.250}{\376\377\000D\000e\000l\000e\000t\000e\000\040\000a\000\040\000m\000o\000n\000i\000t\000o\000r\000\040\000t\000y\000p\000e\000\040\000[\000D\000E\000L\000E\000T\000E\000]}{subsection.248}% 117
\BOOKMARK [2][-]{subsection.251}{\376\377\000M\000o\000n\000i\000t\000o\000r\000\040\000t\000o\000o\000l\000s\000\040\000[\000/\000m\000o\000n\000i\000t\000o\000r\000i\000n\000g\000/\000M\000o\000n\000i\000t\000o\000r\000T\000y\000p\000e\000s\000/\000\173\000m\000o\000n\000i\000t\000o\000r\000-\000t\000y\000p\000e\000-\000n\000a\000m\000e\000\175\000/\000T\000o\000o\000l\000s\000]}{section.244}% 118
\BOOKMARK [3][-]{section*.252}{\376\377\000I\000n\000s\000e\000r\000t\000\040\000m\000o\000n\000i\000t\000o\000r\000\040\000t\000o\000o\000l\000\040\000f\000o\000r\000\040\000a\000\040\000m\000o\000n\000i\000t\000o\000r\000\040\000t\000y\000p\000e\000\040\000[\000P\000O\000S\000T\000]}{subsection.251}% 119
\BOOKMARK [2][-]{subsection.253}{\376\377\000M\000o\000n\000i\000t\000o\000r\000\040\000t\000o\000o\000l\000s\000\040\000[\000/\000m\000o\000n\000i\000t\000o\000r\000i\000n\000g\000/\000M\000o\000n\000i\000t\000o\000r\000T\000y\000p\000e\000s\000/\000\173\000m\000o\000n\000i\000t\000o\000r\000-\000t\000y\000p\000e\000-\000n\000a\000m\000e\000\175\000/\000T\000o\000o\000l\000s\000/\000\173\000m\000o\000n\000i\000t\000o\000r\000-\000t\000o\000o\000l\000-\000n\000a\000m\000e\000\175\000]}{section.244}% 120
\BOOKMARK [3][-]{section*.254}{\376\377\000G\000e\000t\000\040\000a\000\040\000s\000i\000n\000g\000l\000e\000\040\000m\000o\000n\000i\000t\000o\000r\000\040\000t\000o\000o\000l\000\040\000f\000o\000r\000\040\000a\000\040\000m\000o\000n\000i\000t\000o\000r\000\040\000t\000y\000p\000e\000\040\000[\000G\000E\000T\000]}{subsection.253}% 121
\BOOKMARK [3][-]{section*.255}{\376\377\000D\000e\000l\000e\000t\000e\000\040\000a\000\040\000m\000o\000n\000i\000t\000o\000r\000\040\000t\000o\000o\000l\000\040\000f\000o\000r\000\040\000a\000\040\000m\000o\000n\000i\000t\000o\000r\000\040\000t\000y\000p\000e\000\040\000[\000D\000E\000L\000E\000T\000E\000]}{subsection.253}% 122
\BOOKMARK [2][-]{subsection.256}{\376\377\000M\000o\000n\000i\000t\000o\000r\000\040\000c\000o\000n\000f\000i\000g\000u\000r\000a\000t\000i\000o\000n\000s\000\040\000[\000/\000m\000o\000n\000i\000t\000o\000r\000i\000n\000g\000/\000M\000o\000n\000i\000t\000o\000r\000T\000y\000p\000e\000s\000/\000\173\000m\000o\000n\000i\000t\000o\000r\000-\000t\000y\000p\000e\000-\000n\000a\000m\000e\000\175\000/\000T\000o\000o\000l\000s\000/\000\173\000m\000o\000n\000i\000t\000o\000r\000-\000t\000o\000o\000l\000-\000n\000a\000m\000e\000\175\000/\000T\000o\000o\000l\000C\000o\000n\000f\000i\000g\000u\000r\000a\000t\000i\000o\000n\000s\000]}{section.244}% 123
\BOOKMARK [3][-]{section*.257}{\376\377\000C\000r\000e\000a\000t\000e\000\040\000a\000\040\000m\000o\000n\000i\000t\000o\000r\000\040\000c\000o\000n\000f\000i\000g\000u\000r\000a\000t\000i\000o\000n\000\040\000f\000o\000r\000\040\000a\000\040\000m\000o\000n\000i\000t\000o\000r\000\040\000t\000y\000p\000e\000\040\000a\000n\000d\000\040\000a\000\040\000m\000o\000n\000i\000t\000o\000r\000i\000n\000g\000\040\000t\000o\000o\000l\000\040\000[\000P\000O\000S\000T\000]}{subsection.256}% 124
\BOOKMARK [2][-]{subsection.258}{\376\377\000M\000o\000n\000i\000t\000o\000r\000\040\000c\000o\000n\000f\000i\000g\000u\000r\000a\000t\000i\000o\000n\000s\000\040\000[\000/\000m\000o\000n\000i\000t\000o\000r\000i\000n\000g\000/\000M\000o\000n\000i\000t\000o\000r\000T\000y\000p\000e\000s\000/\000\173\000m\000o\000n\000i\000t\000o\000r\000-\000t\000y\000p\000e\000-\000n\000a\000m\000e\000\175\000/\000T\000o\000o\000l\000s\000/\000\173\000m\000o\000n\000i\000t\000o\000r\000-\000t\000o\000o\000l\000-\000n\000a\000m\000e\000\175\000/\000T\000o\000o\000l\000C\000o\000n\000f\000i\000g\000u\000r\000a\000t\000i\000o\000n\000s\000/\000\173\000t\000o\000o\000l\000-\000c\000o\000n\000f\000i\000g\000u\000r\000a\000t\000i\000o\000n\000-\000i\000d\000\175\000]}{section.244}% 125
\BOOKMARK [3][-]{section*.259}{\376\377\000G\000e\000t\000\040\000a\000\040\000s\000i\000n\000g\000l\000e\000\040\000m\000o\000n\000i\000t\000o\000r\000\040\000c\000o\000n\000f\000i\000g\000u\000r\000a\000t\000i\000o\000n\000\040\000f\000o\000r\000\040\000a\000\040\000m\000o\000n\000i\000t\000o\000r\000\040\000t\000y\000p\000e\000\040\000a\000n\000d\000\040\000a\000\040\000m\000o\000n\000i\000t\000o\000r\000i\000n\000g\000\040\000t\000o\000o\000l\000\040\000[\000G\000E\000T\000]}{subsection.258}% 126
\BOOKMARK [3][-]{section*.260}{\376\377\000U\000p\000d\000a\000t\000e\000\040\000a\000\040\000m\000o\000n\000i\000t\000o\000r\000\040\000c\000o\000n\000f\000i\000g\000u\000r\000a\000t\000i\000o\000n\000\040\000f\000o\000r\000\040\000a\000\040\000m\000o\000n\000i\000t\000o\000r\000\040\000t\000y\000p\000e\000\040\000a\000n\000d\000\040\000a\000\040\000m\000o\000n\000i\000t\000o\000r\000i\000n\000g\000\040\000t\000o\000o\000l\000\040\000[\000P\000U\000T\000]}{subsection.258}% 127
\BOOKMARK [3][-]{section*.261}{\376\377\000D\000e\000l\000e\000t\000e\000\040\000a\000\040\000m\000o\000n\000i\000t\000o\000r\000\040\000c\000o\000n\000f\000i\000g\000u\000r\000a\000t\000i\000o\000n\000\040\000f\000o\000r\000\040\000a\000\040\000m\000o\000n\000i\000t\000o\000r\000\040\000t\000y\000p\000e\000\040\000a\000n\000d\000\040\000a\000\040\000m\000o\000n\000i\000t\000o\000r\000i\000n\000g\000\040\000t\000o\000o\000l\000\040\000[\000D\000E\000L\000E\000T\000E\000]}{subsection.258}% 128
\BOOKMARK [0][-]{appendix.262}{\376\377\000M\000o\000d\000e\000l\000\040\000R\000e\000p\000o\000s\000i\000t\000o\000r\000y\000\040\000M\000a\000n\000a\000g\000e\000r\000\040\000A\000P\000I}{}% 129
\BOOKMARK [1][-]{section.263}{\376\377\000M\000o\000d\000e\000l\000\040\000R\000e\000p\000o\000s\000i\000t\000o\000r\000y\000\040\000M\000a\000n\000a\000g\000e\000r}{appendix.262}% 130
\BOOKMARK [2][-]{subsection.264}{\376\377\000M\000o\000d\000e\000l\000\040\000t\000y\000p\000e\000\040\000[\000/\000m\000o\000d\000e\000l\000s\000/\000\173\000m\000o\000d\000e\000l\000T\000y\000p\000e\000\175\000\173\000?\000s\000y\000s\000t\000e\000m\000I\000d\000,\000\040\000s\000t\000a\000t\000u\000s\000,\000\040\000n\000a\000m\000e\000,\000\040\000u\000r\000l\000,\000\040\000a\000u\000t\000h\000o\000r\000I\000d\000,\000\040\000c\000r\000e\000a\000t\000i\000o\000n\000D\000a\000t\000e\000,\000\040\000l\000a\000s\000t\000M\000o\000d\000i\000f\000i\000c\000a\000t\000i\000o\000n\000D\000a\000t\000e\000,\000\040\000f\000i\000l\000e\000E\000x\000t\000e\000n\000s\000i\000o\000n\000,\000\040\000r\000e\000l\000a\000t\000i\000v\000e\000P\000a\000t\000h\000\175\000]}{section.263}% 131
\BOOKMARK [3][-]{section*.265}{\376\377\000G\000e\000t\000\040\000m\000o\000d\000e\000l\000\040\000i\000n\000s\000t\000a\000n\000c\000e\000s\000\040\000f\000o\000r\000\040\000a\000\040\000g\000i\000v\000e\000n\000\040\000m\000o\000d\000e\000l\000T\000y\000p\000e\000\040\000[\000G\000E\000T\000]}{subsection.264}% 132
\BOOKMARK [2][-]{subsection.266}{\376\377\000M\000o\000d\000e\000l\000\040\000t\000y\000p\000e\000\040\000[\000/\000m\000o\000d\000e\000l\000s\000/\000\173\000m\000o\000d\000e\000l\000T\000y\000p\000e\000\175\000]}{section.263}% 133
\BOOKMARK [3][-]{section*.267}{\376\377\000C\000r\000e\000a\000t\000e\000\040\000n\000e\000w\000\040\000m\000o\000d\000e\000l\000\040\000i\000n\000s\000t\000a\000n\000c\000e\000s\000\040\000o\000f\000\040\000a\000\040\000g\000i\000v\000e\000n\000\040\000m\000o\000d\000e\000l\000\040\000t\000y\000p\000e\000\040\000[\000P\000O\000S\000T\000]}{subsection.266}% 134
\BOOKMARK [2][-]{subsection.268}{\376\377\000M\000o\000d\000e\000l\000\040\000i\000n\000s\000t\000a\000n\000c\000e\000\040\000[\000/\000m\000o\000d\000e\000l\000s\000/\000\173\000m\000o\000d\000e\000l\000T\000y\000p\000e\000\175\000/\000\173\000m\000o\000d\000e\000l\000I\000d\000\175\000]}{section.263}% 135
\BOOKMARK [3][-]{section*.269}{\376\377\000G\000e\000t\000\040\000a\000\040\000m\000o\000d\000e\000l\000\040\000i\000n\000s\000t\000a\000n\000c\000e\000\040\000b\000y\000\040\000i\000d\000\040\000a\000n\000d\000\040\000m\000o\000d\000e\000l\000T\000y\000p\000e\000\040\000[\000G\000E\000T\000]}{subsection.268}% 136
\BOOKMARK [3][-]{section*.270}{\376\377\000U\000p\000d\000a\000t\000e\000\040\000a\000n\000\040\000e\000x\000i\000s\000t\000i\000n\000g\000\040\000m\000o\000d\000e\000l\000\040\000i\000n\000s\000t\000a\000n\000c\000e\000\040\000[\000P\000U\000T\000]}{subsection.268}% 137
\BOOKMARK [3][-]{section*.271}{\376\377\000D\000e\000l\000e\000t\000e\000\040\000a\000\040\000m\000o\000d\000e\000l\000\040\000i\000n\000s\000t\000a\000n\000c\000e\000\040\000[\000D\000E\000L\000E\000T\000E\000]}{subsection.268}% 138
\BOOKMARK [0][-]{appendix*.272}{\376\377\000B\000i\000b\000l\000i\000o\000g\000r\000a\000f\000i\000a}{}% 139
